This file contains any messages produced by compilers while
running configure, to aid debugging if configure makes a mistake.

It was created by zenkaku configure 1.0.0, which was
generated by GNU Autoconf 2.69.  Invocation command line was

  $ ./configure 

## --------- ##
## Platform. ##
## --------- ##

hostname = T8-ubuntu1404
uname -m = i686
uname -r = 3.13.0-61-generic
uname -s = Linux
uname -v = #100-Ubuntu SMP Wed Jul 29 11:22:15 UTC 2015

/usr/bin/uname -p = unknown
/bin/uname -X     = unknown

/bin/arch              = unknown
/usr/bin/arch -k       = unknown
/usr/convex/getsysinfo = unknown
/usr/bin/hostinfo      = unknown
/bin/machine           = unknown
/usr/bin/oslevel       = unknown
/bin/universe          = unknown

PATH: .
PATH: /home/sasagawa/bin
PATH: /usr/local/sbin
PATH: /usr/local/bin
PATH: /usr/sbin
PATH: /usr/bin
PATH: /sbin
PATH: /bin
PATH: /usr/games
PATH: /usr/local/games
PATH: /home/sasagawa/bin


## ----------- ##
## Core tests. ##
## ----------- ##

configure:2291: checking for a BSD-compatible install
configure:2359: result: /usr/bin/install -c
configure:2370: checking whether build environment is sane
configure:2425: result: yes
configure:2576: checking for a thread-safe mkdir -p
configure:2615: result: /bin/mkdir -p
configure:2622: checking for gawk
configure:2652: result: no
configure:2622: checking for mawk
configure:2638: found /usr/bin/mawk
configure:2649: result: mawk
configure:2660: checking whether make sets $(MAKE)
configure:2682: result: yes
configure:2711: checking whether make supports nested variables
configure:2728: result: yes
configure:2916: checking for g++
configure:2932: found /usr/bin/g++
configure:2943: result: g++
configure:2970: checking for C++ compiler version
configure:2979: g++ --version >&5
g++ (Ubuntu 4.8.4-2ubuntu1~14.04) 4.8.4
Copyright (C) 2013 Free Software Foundation, Inc.
This is free software; see the source for copying conditions.  There is NO
warranty; not even for MERCHANTABILITY or FITNESS FOR A PARTICULAR PURPOSE.

configure:2990: $? = 0
configure:2979: g++ -v >&5
Using built-in specs.
COLLECT_GCC=g++
COLLECT_LTO_WRAPPER=/usr/lib/gcc/i686-linux-gnu/4.8/lto-wrapper
Target: i686-linux-gnu
Configured with: ../src/configure -v --with-pkgversion='Ubuntu 4.8.4-2ubuntu1~14.04' --with-bugurl=file:///usr/share/doc/gcc-4.8/README.Bugs --enable-languages=c,c++,java,go,d,fortran,objc,obj-c++ --prefix=/usr --program-suffix=-4.8 --enable-shared --enable-linker-build-id --libexecdir=/usr/lib --without-included-gettext --enable-threads=posix --with-gxx-include-dir=/usr/include/c++/4.8 --libdir=/usr/lib --enable-nls --with-sysroot=/ --enable-clocale=gnu --enable-libstdcxx-debug --enable-libstdcxx-time=yes --enable-gnu-unique-object --disable-libmudflap --enable-plugin --with-system-zlib --disable-browser-plugin --enable-java-awt=gtk --enable-gtk-cairo --with-java-home=/usr/lib/jvm/java-1.5.0-gcj-4.8-i386/jre --enable-java-home --with-jvm-root-dir=/usr/lib/jvm/java-1.5.0-gcj-4.8-i386 --with-jvm-jar-dir=/usr/lib/jvm-exports/java-1.5.0-gcj-4.8-i386 --with-arch-directory=i386 --with-ecj-jar=/usr/share/java/eclipse-ecj.jar --enable-objc-gc --enable-targets=all --enable-multiarch --disable-werror --with-arch-32=i686 --with-multilib-list=m32,m64,mx32 --with-tune=generic --enable-checking=release --build=i686-linux-gnu --host=i686-linux-gnu --target=i686-linux-gnu
Thread model: posix
gcc version 4.8.4 (Ubuntu 4.8.4-2ubuntu1~14.04) 
configure:2990: $? = 0
configure:2979: g++ -V >&5
g++: error: unrecognized command line option '-V'
g++: fatal error: no input files
compilation terminated.
configure:2990: $? = 4
configure:2979: g++ -qversion >&5
g++: error: unrecognized command line option '-qversion'
g++: fatal error: no input files
compilation terminated.
configure:2990: $? = 4
configure:3010: checking whether the C++ compiler works
configure:3032: g++    conftest.cpp  >&5
configure:3036: $? = 0
configure:3084: result: yes
configure:3087: checking for C++ compiler default output file name
configure:3089: result: a.out
configure:3095: checking for suffix of executables
configure:3102: g++ -o conftest    conftest.cpp  >&5
configure:3106: $? = 0
configure:3128: result: 
configure:3150: checking whether we are cross compiling
configure:3158: g++ -o conftest    conftest.cpp  >&5
configure:3162: $? = 0
configure:3169: ./conftest
configure:3173: $? = 0
configure:3188: result: no
configure:3193: checking for suffix of object files
configure:3215: g++ -c   conftest.cpp >&5
configure:3219: $? = 0
configure:3240: result: o
configure:3244: checking whether we are using the GNU C++ compiler
configure:3263: g++ -c   conftest.cpp >&5
configure:3263: $? = 0
configure:3272: result: yes
configure:3281: checking whether g++ accepts -g
configure:3301: g++ -c -g  conftest.cpp >&5
configure:3301: $? = 0
configure:3342: result: yes
configure:3376: checking for style of include used by make
configure:3404: result: GNU
configure:3430: checking dependency style of g++
configure:3541: result: gcc3
configure:3604: checking for gcc
configure:3620: found /usr/bin/gcc
configure:3631: result: gcc
configure:3860: checking for C compiler version
configure:3869: gcc --version >&5
gcc (Ubuntu 4.8.4-2ubuntu1~14.04) 4.8.4
Copyright (C) 2013 Free Software Foundation, Inc.
This is free software; see the source for copying conditions.  There is NO
warranty; not even for MERCHANTABILITY or FITNESS FOR A PARTICULAR PURPOSE.

configure:3880: $? = 0
configure:3869: gcc -v >&5
Using built-in specs.
COLLECT_GCC=gcc
COLLECT_LTO_WRAPPER=/usr/lib/gcc/i686-linux-gnu/4.8/lto-wrapper
Target: i686-linux-gnu
Configured with: ../src/configure -v --with-pkgversion='Ubuntu 4.8.4-2ubuntu1~14.04' --with-bugurl=file:///usr/share/doc/gcc-4.8/README.Bugs --enable-languages=c,c++,java,go,d,fortran,objc,obj-c++ --prefix=/usr --program-suffix=-4.8 --enable-shared --enable-linker-build-id --libexecdir=/usr/lib --without-included-gettext --enable-threads=posix --with-gxx-include-dir=/usr/include/c++/4.8 --libdir=/usr/lib --enable-nls --with-sysroot=/ --enable-clocale=gnu --enable-libstdcxx-debug --enable-libstdcxx-time=yes --enable-gnu-unique-object --disable-libmudflap --enable-plugin --with-system-zlib --disable-browser-plugin --enable-java-awt=gtk --enable-gtk-cairo --with-java-home=/usr/lib/jvm/java-1.5.0-gcj-4.8-i386/jre --enable-java-home --with-jvm-root-dir=/usr/lib/jvm/java-1.5.0-gcj-4.8-i386 --with-jvm-jar-dir=/usr/lib/jvm-exports/java-1.5.0-gcj-4.8-i386 --with-arch-directory=i386 --with-ecj-jar=/usr/share/java/eclipse-ecj.jar --enable-objc-gc --enable-targets=all --enable-multiarch --disable-werror --with-arch-32=i686 --with-multilib-list=m32,m64,mx32 --with-tune=generic --enable-checking=release --build=i686-linux-gnu --host=i686-linux-gnu --target=i686-linux-gnu
Thread model: posix
gcc version 4.8.4 (Ubuntu 4.8.4-2ubuntu1~14.04) 
configure:3880: $? = 0
configure:3869: gcc -V >&5
gcc: error: unrecognized command line option '-V'
gcc: fatal error: no input files
compilation terminated.
configure:3880: $? = 4
configure:3869: gcc -qversion >&5
gcc: error: unrecognized command line option '-qversion'
gcc: fatal error: no input files
compilation terminated.
configure:3880: $? = 4
configure:3884: checking whether we are using the GNU C compiler
configure:3903: gcc -c   conftest.c >&5
configure:3903: $? = 0
configure:3912: result: yes
configure:3921: checking whether gcc accepts -g
configure:3941: gcc -c -g  conftest.c >&5
configure:3941: $? = 0
configure:3982: result: yes
configure:3999: checking for gcc option to accept ISO C89
configure:4062: gcc  -c -g -O2  conftest.c >&5
configure:4062: $? = 0
configure:4075: result: none needed
configure:4100: checking whether gcc understands -c and -o together
configure:4122: gcc -c conftest.c -o conftest2.o
configure:4125: $? = 0
configure:4122: gcc -c conftest.c -o conftest2.o
configure:4125: $? = 0
configure:4137: result: yes
configure:4156: checking dependency style of gcc
configure:4267: result: gcc3
configure:4286: checking for main in -lncursesw
configure:4305: gcc -o conftest -g -O2   conftest.c -lncursesw   >&5
configure:4305: $? = 0
configure:4314: result: yes
configure:4332: checking how to run the C preprocessor
configure:4363: gcc -E  conftest.c
configure:4363: $? = 0
configure:4377: gcc -E  conftest.c
conftest.c:12:28: fatal error: ac_nonexistent.h: No such file or directory
 #include <ac_nonexistent.h>
                            ^
compilation terminated.
configure:4377: $? = 1
configure: failed program was:
| /* confdefs.h */
| #define PACKAGE_NAME "zenkaku"
| #define PACKAGE_TARNAME "zenkaku"
| #define PACKAGE_VERSION "1.0.0"
| #define PACKAGE_STRING "zenkaku 1.0.0"
| #define PACKAGE_BUGREPORT "zaviga5001@gmail.com"
| #define PACKAGE_URL ""
| #define PACKAGE "zenkaku"
| #define VERSION "1.0.0"
| #define HAVE_LIBNCURSESW 1
| /* end confdefs.h.  */
| #include <ac_nonexistent.h>
configure:4402: result: gcc -E
configure:4422: gcc -E  conftest.c
configure:4422: $? = 0
configure:4436: gcc -E  conftest.c
conftest.c:12:28: fatal error: ac_nonexistent.h: No such file or directory
 #include <ac_nonexistent.h>
                            ^
compilation terminated.
configure:4436: $? = 1
configure: failed program was:
| /* confdefs.h */
| #define PACKAGE_NAME "zenkaku"
| #define PACKAGE_TARNAME "zenkaku"
| #define PACKAGE_VERSION "1.0.0"
| #define PACKAGE_STRING "zenkaku 1.0.0"
| #define PACKAGE_BUGREPORT "zaviga5001@gmail.com"
| #define PACKAGE_URL ""
| #define PACKAGE "zenkaku"
| #define VERSION "1.0.0"
| #define HAVE_LIBNCURSESW 1
| /* end confdefs.h.  */
| #include <ac_nonexistent.h>
configure:4465: checking for grep that handles long lines and -e
configure:4523: result: /bin/grep
configure:4528: checking for egrep
configure:4590: result: /bin/grep -E
configure:4595: checking for ANSI C header files
configure:4615: gcc -c -g -O2  conftest.c >&5
configure:4615: $? = 0
configure:4688: gcc -o conftest -g -O2   conftest.c -lncursesw  >&5
configure:4688: $? = 0
configure:4688: ./conftest
configure:4688: $? = 0
configure:4699: result: yes
configure:4712: checking for sys/types.h
configure:4712: gcc -c -g -O2  conftest.c >&5
configure:4712: $? = 0
configure:4712: result: yes
configure:4712: checking for sys/stat.h
configure:4712: gcc -c -g -O2  conftest.c >&5
configure:4712: $? = 0
configure:4712: result: yes
configure:4712: checking for stdlib.h
configure:4712: gcc -c -g -O2  conftest.c >&5
configure:4712: $? = 0
configure:4712: result: yes
configure:4712: checking for string.h
configure:4712: gcc -c -g -O2  conftest.c >&5
configure:4712: $? = 0
configure:4712: result: yes
configure:4712: checking for memory.h
configure:4712: gcc -c -g -O2  conftest.c >&5
configure:4712: $? = 0
configure:4712: result: yes
configure:4712: checking for strings.h
configure:4712: gcc -c -g -O2  conftest.c >&5
configure:4712: $? = 0
configure:4712: result: yes
configure:4712: checking for inttypes.h
configure:4712: gcc -c -g -O2  conftest.c >&5
configure:4712: $? = 0
configure:4712: result: yes
configure:4712: checking for stdint.h
configure:4712: gcc -c -g -O2  conftest.c >&5
configure:4712: $? = 0
configure:4712: result: yes
configure:4712: checking for unistd.h
configure:4712: gcc -c -g -O2  conftest.c >&5
configure:4712: $? = 0
configure:4712: result: yes
configure:4727: checking for stdlib.h
configure:4727: result: yes
configure:4727: checking for string.h
configure:4727: result: yes
configure:4727: checking for unistd.h
configure:4727: result: yes
configure:4739: checking for stdbool.h that conforms to C99
configure:4806: gcc -c -g -O2  conftest.c >&5
configure:4806: $? = 0
configure:4813: result: yes
configure:4815: checking for _Bool
configure:4815: gcc -c -g -O2  conftest.c >&5
configure:4815: $? = 0
configure:4815: gcc -c -g -O2  conftest.c >&5
conftest.c: In function 'main':
conftest.c:61:20: error: expected expression before ')' token
 if (sizeof ((_Bool)))
                    ^
configure:4815: $? = 1
configure: failed program was:
| /* confdefs.h */
| #define PACKAGE_NAME "zenkaku"
| #define PACKAGE_TARNAME "zenkaku"
| #define PACKAGE_VERSION "1.0.0"
| #define PACKAGE_STRING "zenkaku 1.0.0"
| #define PACKAGE_BUGREPORT "zaviga5001@gmail.com"
| #define PACKAGE_URL ""
| #define PACKAGE "zenkaku"
| #define VERSION "1.0.0"
| #define HAVE_LIBNCURSESW 1
| #define STDC_HEADERS 1
| #define HAVE_SYS_TYPES_H 1
| #define HAVE_SYS_STAT_H 1
| #define HAVE_STDLIB_H 1
| #define HAVE_STRING_H 1
| #define HAVE_MEMORY_H 1
| #define HAVE_STRINGS_H 1
| #define HAVE_INTTYPES_H 1
| #define HAVE_STDINT_H 1
| #define HAVE_UNISTD_H 1
| #define HAVE_STDLIB_H 1
| #define HAVE_STRING_H 1
| #define HAVE_UNISTD_H 1
| /* end confdefs.h.  */
| #include <stdio.h>
| #ifdef HAVE_SYS_TYPES_H
| # include <sys/types.h>
| #endif
| #ifdef HAVE_SYS_STAT_H
| # include <sys/stat.h>
| #endif
| #ifdef STDC_HEADERS
| # include <stdlib.h>
| # include <stddef.h>
| #else
| # ifdef HAVE_STDLIB_H
| #  include <stdlib.h>
| # endif
| #endif
| #ifdef HAVE_STRING_H
| # if !defined STDC_HEADERS && defined HAVE_MEMORY_H
| #  include <memory.h>
| # endif
| # include <string.h>
| #endif
| #ifdef HAVE_STRINGS_H
| # include <strings.h>
| #endif
| #ifdef HAVE_INTTYPES_H
| # include <inttypes.h>
| #endif
| #ifdef HAVE_STDINT_H
| # include <stdint.h>
| #endif
| #ifdef HAVE_UNISTD_H
| # include <unistd.h>
| #endif
| int
| main ()
| {
| if (sizeof ((_Bool)))
| 	    return 0;
|   ;
|   return 0;
| }
configure:4815: result: yes
configure:4826: checking for inline
configure:4842: gcc -c -g -O2  conftest.c >&5
configure:4842: $? = 0
configure:4850: result: inline
configure:4873: checking for isascii
configure:4873: gcc -o conftest -g -O2   conftest.c -lncursesw  >&5
conftest.c:49:6: warning: conflicting types for built-in function 'isascii' [enabled by default]
 char isascii ();
      ^
configure:4873: $? = 0
configure:4873: result: yes
configure:4873: checking for memset
configure:4873: gcc -o conftest -g -O2   conftest.c -lncursesw  >&5
conftest.c:50:6: warning: conflicting types for built-in function 'memset' [enabled by default]
 char memset ();
      ^
configure:4873: $? = 0
configure:4873: result: yes
configure:4873: checking for strchr
configure:4873: gcc -o conftest -g -O2   conftest.c -lncursesw  >&5
conftest.c:51:6: warning: conflicting types for built-in function 'strchr' [enabled by default]
 char strchr ();
      ^
configure:4873: $? = 0
configure:4873: result: yes
configure:4994: checking that generated files are newer than configure
configure:5000: result: done
configure:5027: creating ./config.status

## ---------------------- ##
## Running config.status. ##
## ---------------------- ##

This file was extended by zenkaku config.status 1.0.0, which was
generated by GNU Autoconf 2.69.  Invocation command line was

  CONFIG_FILES    = 
  CONFIG_HEADERS  = 
  CONFIG_LINKS    = 
  CONFIG_COMMANDS = 
  $ ./config.status 

on T8-ubuntu1404

config.status:867: creating Makefile
config.status:867: creating src/Makefile
config.status:867: creating config.h
config.status:1048: config.h is unchanged
config.status:1096: executing depfiles commands

## ---------------- ##
## Cache variables. ##
## ---------------- ##

ac_cv_c_compiler_gnu=yes
ac_cv_c_inline=inline
ac_cv_cxx_compiler_gnu=yes
ac_cv_env_CCC_set=
ac_cv_env_CCC_value=
ac_cv_env_CC_set=
ac_cv_env_CC_value=
ac_cv_env_CFLAGS_set=
ac_cv_env_CFLAGS_value=
ac_cv_env_CPPFLAGS_set=
ac_cv_env_CPPFLAGS_value=
ac_cv_env_CPP_set=
ac_cv_env_CPP_value=
ac_cv_env_CXXFLAGS_set=
ac_cv_env_CXXFLAGS_value=
ac_cv_env_CXX_set=
ac_cv_env_CXX_value=
ac_cv_env_LDFLAGS_set=
ac_cv_env_LDFLAGS_value=
ac_cv_env_LIBS_set=
ac_cv_env_LIBS_value=
ac_cv_env_build_alias_set=
ac_cv_env_build_alias_value=
ac_cv_env_host_alias_set=
ac_cv_env_host_alias_value=
ac_cv_env_target_alias_set=
ac_cv_env_target_alias_value=
ac_cv_func_isascii=yes
ac_cv_func_memset=yes
ac_cv_func_strchr=yes
ac_cv_header_inttypes_h=yes
ac_cv_header_memory_h=yes
ac_cv_header_stdbool_h=yes
ac_cv_header_stdc=yes
ac_cv_header_stdint_h=yes
ac_cv_header_stdlib_h=yes
ac_cv_header_string_h=yes
ac_cv_header_strings_h=yes
ac_cv_header_sys_stat_h=yes
ac_cv_header_sys_types_h=yes
ac_cv_header_unistd_h=yes
ac_cv_lib_ncursesw_main=yes
ac_cv_objext=o
ac_cv_path_EGREP='/bin/grep -E'
ac_cv_path_GREP=/bin/grep
ac_cv_path_install='/usr/bin/install -c'
ac_cv_path_mkdir=/bin/mkdir
ac_cv_prog_AWK=mawk
ac_cv_prog_CPP='gcc -E'
ac_cv_prog_ac_ct_CC=gcc
ac_cv_prog_ac_ct_CXX=g++
ac_cv_prog_cc_c89=
ac_cv_prog_cc_g=yes
ac_cv_prog_cxx_g=yes
ac_cv_prog_make_make_set=yes
ac_cv_type__Bool=yes
am_cv_CC_dependencies_compiler_type=gcc3
am_cv_CXX_dependencies_compiler_type=gcc3
am_cv_make_support_nested_variables=yes
am_cv_prog_cc_c_o=yes

## ----------------- ##
## Output variables. ##
## ----------------- ##

ACLOCAL='${SHELL} /home/sasagawa/src/zenkaku/zaurus.project/zenkaku/missing aclocal-1.14'
AMDEPBACKSLASH='\'
AMDEP_FALSE='#'
AMDEP_TRUE=''
AMTAR='$${TAR-tar}'
AM_BACKSLASH='\'
AM_DEFAULT_V='$(AM_DEFAULT_VERBOSITY)'
AM_DEFAULT_VERBOSITY='1'
AM_V='$(V)'
AUTOCONF='${SHELL} /home/sasagawa/src/zenkaku/zaurus.project/zenkaku/missing autoconf'
AUTOHEADER='${SHELL} /home/sasagawa/src/zenkaku/zaurus.project/zenkaku/missing autoheader'
AUTOMAKE='${SHELL} /home/sasagawa/src/zenkaku/zaurus.project/zenkaku/missing automake-1.14'
AWK='mawk'
CC='gcc'
CCDEPMODE='depmode=gcc3'
CFLAGS='-g -O2'
CPP='gcc -E'
CPPFLAGS=''
CXX='g++'
CXXDEPMODE='depmode=gcc3'
CXXFLAGS='-g -O2'
CYGPATH_W='echo'
DEFS='-DHAVE_CONFIG_H'
DEPDIR='.deps'
ECHO_C=''
ECHO_N='-n'
ECHO_T=''
EGREP='/bin/grep -E'
EXEEXT=''
GREP='/bin/grep'
INSTALL_DATA='${INSTALL} -m 644'
INSTALL_PROGRAM='${INSTALL}'
INSTALL_SCRIPT='${INSTALL}'
INSTALL_STRIP_PROGRAM='$(install_sh) -c -s'
LDFLAGS=''
LIBOBJS=''
LIBS='-lncursesw '
LTLIBOBJS=''
MAKEINFO='${SHELL} /home/sasagawa/src/zenkaku/zaurus.project/zenkaku/missing makeinfo'
MKDIR_P='/bin/mkdir -p'
OBJEXT='o'
PACKAGE='zenkaku'
PACKAGE_BUGREPORT='zaviga5001@gmail.com'
PACKAGE_NAME='zenkaku'
PACKAGE_STRING='zenkaku 1.0.0'
PACKAGE_TARNAME='zenkaku'
PACKAGE_URL=''
PACKAGE_VERSION='1.0.0'
PATH_SEPARATOR=':'
SET_MAKE=''
SHELL='/bin/bash'
STRIP=''
VERSION='1.0.0'
ac_ct_CC='gcc'
ac_ct_CXX='g++'
am__EXEEXT_FALSE=''
am__EXEEXT_TRUE='#'
am__fastdepCC_FALSE='#'
am__fastdepCC_TRUE=''
am__fastdepCXX_FALSE='#'
am__fastdepCXX_TRUE=''
am__include='include'
am__isrc=''
am__leading_dot='.'
am__nodep='_no'
am__quote=''
am__tar='$${TAR-tar} chof - "$$tardir"'
am__untar='$${TAR-tar} xf -'
bindir='${exec_prefix}/bin'
build_alias=''
datadir='${datarootdir}'
datarootdir='${prefix}/share'
docdir='${datarootdir}/doc/${PACKAGE_TARNAME}'
dvidir='${docdir}'
exec_prefix='${prefix}'
host_alias=''
htmldir='${docdir}'
includedir='${prefix}/include'
infodir='${datarootdir}/info'
install_sh='${SHELL} /home/sasagawa/src/zenkaku/zaurus.project/zenkaku/install-sh'
libdir='${exec_prefix}/lib'
libexecdir='${exec_prefix}/libexec'
localedir='${datarootdir}/locale'
localstatedir='${prefix}/var'
mandir='${datarootdir}/man'
mkdir_p='$(MKDIR_P)'
oldincludedir='/usr/include'
pdfdir='${docdir}'
prefix='/usr/local'
program_transform_name='s,x,x,'
psdir='${docdir}'
sbindir='${exec_prefix}/sbin'
sharedstatedir='${prefix}/com'
sysconfdir='${prefix}/etc'
target_alias=''

## ----------- ##
## confdefs.h. ##
## ----------- ##

/* confdefs.h */
#define PACKAGE_NAME "zenkaku"
#define PACKAGE_TARNAME "zenkaku"
#define PACKAGE_VERSION "1.0.0"
#define PACKAGE_STRING "zenkaku 1.0.0"
#define PACKAGE_BUGREPORT "zaviga5001@gmail.com"
#define PACKAGE_URL ""
#define PACKAGE "zenkaku"
#define VERSION "1.0.0"
#define HAVE_LIBNCURSESW 1
#define STDC_HEADERS 1
#define HAVE_SYS_TYPES_H 1
#define HAVE_SYS_STAT_H 1
#define HAVE_STDLIB_H 1
#define HAVE_STRING_H 1
#define HAVE_MEMORY_H 1
#define HAVE_STRINGS_H 1
#define HAVE_INTTYPES_H 1
#define HAVE_STDINT_H 1
#define HAVE_UNISTD_H 1
#define HAVE_STDLIB_H 1
#define HAVE_STRING_H 1
#define HAVE_UNISTD_H 1
#define HAVE__BOOL 1
#define HAVE_ISASCII 1
#define HAVE_MEMSET 1
#define HAVE_STRCHR 1

configure: exit 0
